# JRE version: Java(TM) SE Runtime Environment (11.0.6+8) (build 11.0.6+8-LTS)
# Java VM: Java HotSpot(TM) 64-Bit Server VM (11.0.6+8-LTS, mixed mode, tiered, compressed oops, g1 gc, windows-amd64)
Heap:
 garbage-first heap   total 189440K, used 40960K [0x0000000081e00000, 0x0000000100000000)
  region size 1024K, 6 young (6144K), 2 survivors (2048K)
 Metaspace       used 35333K, capacity 36074K, committed 36144K, reserved 1081344K
  class space    used 3634K, capacity 3898K, committed 3968K, reserved 1048576K
GC Heap History (10 events):
Event: 2.525 GC heap before
{Heap before GC invocations=5 (full 0):
 garbage-first heap   total 131072K, used 50714K [0x0000000081e00000, 0x0000000100000000)
  region size 1024K, 47 young (48128K), 4 survivors (4096K)
 Metaspace       used 21546K, capacity 21863K, committed 22064K, reserved 1069056K
  class space    used 2269K, capacity 2392K, committed 2432K, reserved 1048576K
}
Event: 2.532 GC heap after
{Heap after GC invocations=6 (full 0):
 garbage-first heap   total 157696K, used 8886K [0x0000000081e00000, 0x0000000100000000)
  region size 1024K, 5 young (5120K), 5 survivors (5120K)
 Metaspace       used 21546K, capacity 21863K, committed 22064K, reserved 1069056K
  class space    used 2269K, capacity 2392K, committed 2432K, reserved 1048576K
}
Event: 3.980 GC heap before
{Heap before GC invocations=6 (full 0):
 garbage-first heap   total 157696K, used 92854K [0x0000000081e00000, 0x0000000100000000)
  region size 1024K, 87 young (89088K), 5 survivors (5120K)
 Metaspace       used 23019K, capacity 23454K, committed 23728K, reserved 1071104K
  class space    used 2379K, capacity 2538K, committed 2560K, reserved 1048576K
}
Event: 3.988 GC heap after
{Heap after GC invocations=7 (full 0):
 garbage-first heap   total 157696K, used 12264K [0x0000000081e00000, 0x0000000100000000)
  region size 1024K, 9 young (9216K), 9 survivors (9216K)
 Metaspace       used 23019K, capacity 23454K, committed 23728K, reserved 1071104K
  class space    used 2379K, capacity 2538K, committed 2560K, reserved 1048576K
}
Event: 5.560 GC heap before
{Heap before GC invocations=7 (full 0):
 garbage-first heap   total 157696K, used 96232K [0x0000000081e00000, 0x0000000100000000)
  region size 1024K, 92 young (94208K), 9 survivors (9216K)
 Metaspace       used 31593K, capacity 32219K, committed 32432K, reserved 1079296K
  class space    used 3344K, capacity 3571K, committed 3584K, reserved 1048576K
}
Event: 5.577 GC heap after
{Heap after GC invocations=8 (full 0):
 garbage-first heap   total 157696K, used 24870K [0x0000000081e00000, 0x0000000100000000)
  region size 1024K, 12 young (12288K), 12 survivors (12288K)
 Metaspace       used 31593K, capacity 32219K, committed 32432K, reserved 1079296K
  class space    used 3344K, capacity 3571K, committed 3584K, reserved 1048576K
}
Event: 6.990 GC heap before
{Heap before GC invocations=8 (full 0):
 garbage-first heap   total 157696K, used 109862K [0x0000000081e00000, 0x0000000100000000)
  region size 1024K, 92 young (94208K), 12 survivors (12288K)
 Metaspace       used 34996K, capacity 35715K, committed 35888K, reserved 1081344K
  class space    used 3603K, capacity 3864K, committed 3968K, reserved 1048576K
}
Event: 7.013 GC heap after
{Heap after GC invocations=9 (full 0):
 garbage-first heap   total 157696K, used 36808K [0x0000000081e00000, 0x0000000100000000)
  region size 1024K, 11 young (11264K), 11 survivors (11264K)
 Metaspace       used 34996K, capacity 35715K, committed 35888K, reserved 1081344K
  class space    used 3603K, capacity 3864K, committed 3968K, reserved 1048576K
}
Event: 7.039 GC heap before
{Heap before GC invocations=9 (full 0):
 garbage-first heap   total 157696K, used 37832K [0x0000000081e00000, 0x0000000100000000)
  region size 1024K, 13 young (13312K), 11 survivors (11264K)
 Metaspace       used 35121K, capacity 35811K, committed 35888K, reserved 1081344K
  class space    used 3619K, capacity 3896K, committed 3968K, reserved 1048576K
}
Event: 7.050 GC heap after
{Heap after GC invocations=10 (full 0):
 garbage-first heap   total 189440K, used 37888K [0x0000000081e00000, 0x0000000100000000)
  region size 1024K, 2 young (2048K), 2 survivors (2048K)
 Metaspace       used 35121K, capacity 35811K, committed 35888K, reserved 1081344K
  class space    used 3619K, capacity 3896K, committed 3968K, reserved 1048576K
}

